  Armor.cpp
C:\Users\rcpay\Documents\GitHub\Vestinius Game Studios\EscDungeoneer\EscalationDungeoneer\Sprite.h(4,10): fatal error C1083: Cannot open include file: 'SDL.h': No such file or directory
  Button.cpp
C:\Users\rcpay\Documents\GitHub\Vestinius Game Studios\EscDungeoneer\EscalationDungeoneer\Sprite.h(4,10): fatal error C1083: Cannot open include file: 'SDL.h': No such file or directory
  CreditsMenu.cpp
C:\Users\rcpay\Documents\GitHub\Vestinius Game Studios\EscDungeoneer\EscalationDungeoneer\Sprite.h(4,10): fatal error C1083: Cannot open include file: 'SDL.h': No such file or directory
  Game.cpp
C:\Users\rcpay\Documents\GitHub\Vestinius Game Studios\EscDungeoneer\EscalationDungeoneer\Game.h(6,10): fatal error C1083: Cannot open include file: 'steam_api.h': No such file or directory
  GameManager.cpp
C:\Users\rcpay\Documents\GitHub\Vestinius Game Studios\EscDungeoneer\EscalationDungeoneer\Text.h(2,10): fatal error C1083: Cannot open include file: 'SDL.h': No such file or directory
  GameObject.cpp
C:\Users\rcpay\Documents\GitHub\Vestinius Game Studios\EscDungeoneer\EscalationDungeoneer\Sprite.h(4,10): fatal error C1083: Cannot open include file: 'SDL.h': No such file or directory
  Glyph.cpp
C:\Users\rcpay\Documents\GitHub\Vestinius Game Studios\EscDungeoneer\EscalationDungeoneer\Sprite.h(4,10): fatal error C1083: Cannot open include file: 'SDL.h': No such file or directory
  Inventory.cpp
C:\Users\rcpay\Documents\GitHub\Vestinius Game Studios\EscDungeoneer\EscalationDungeoneer\Text.h(2,10): fatal error C1083: Cannot open include file: 'SDL.h': No such file or directory
  Item.cpp
C:\Users\rcpay\Documents\GitHub\Vestinius Game Studios\EscDungeoneer\EscalationDungeoneer\Sprite.h(4,10): fatal error C1083: Cannot open include file: 'SDL.h': No such file or directory
  ItemSlot.cpp
C:\Users\rcpay\Documents\GitHub\Vestinius Game Studios\EscDungeoneer\EscalationDungeoneer\Sprite.h(4,10): fatal error C1083: Cannot open include file: 'SDL.h': No such file or directory
  main.cpp
C:\Users\rcpay\Documents\GitHub\Vestinius Game Studios\EscDungeoneer\EscalationDungeoneer\Game.h(6,10): fatal error C1083: Cannot open include file: 'steam_api.h': No such file or directory
  MainMenu.cpp
C:\Users\rcpay\Documents\GitHub\Vestinius Game Studios\EscDungeoneer\EscalationDungeoneer\Sprite.h(4,10): fatal error C1083: Cannot open include file: 'SDL.h': No such file or directory
  Menu.cpp
C:\Users\rcpay\Documents\GitHub\Vestinius Game Studios\EscDungeoneer\EscalationDungeoneer\Sprite.h(4,10): fatal error C1083: Cannot open include file: 'SDL.h': No such file or directory
  PauseMenu.cpp
C:\Users\rcpay\Documents\GitHub\Vestinius Game Studios\EscDungeoneer\EscalationDungeoneer\Sprite.h(4,10): fatal error C1083: Cannot open include file: 'SDL.h': No such file or directory
  Player.cpp
C:\Users\rcpay\Documents\GitHub\Vestinius Game Studios\EscDungeoneer\EscalationDungeoneer\Sprite.h(4,10): fatal error C1083: Cannot open include file: 'SDL.h': No such file or directory
  Scene.cpp
C:\Users\rcpay\Documents\GitHub\Vestinius Game Studios\EscDungeoneer\EscalationDungeoneer\Sprite.h(4,10): fatal error C1083: Cannot open include file: 'SDL.h': No such file or directory
  SettingsMenu.cpp
C:\Users\rcpay\Documents\GitHub\Vestinius Game Studios\EscDungeoneer\EscalationDungeoneer\Sprite.h(4,10): fatal error C1083: Cannot open include file: 'SDL.h': No such file or directory
  Sprite.cpp
C:\Users\rcpay\Documents\GitHub\Vestinius Game Studios\EscDungeoneer\EscalationDungeoneer\Sprite.h(4,10): fatal error C1083: Cannot open include file: 'SDL.h': No such file or directory
  Text.cpp
C:\Users\rcpay\Documents\GitHub\Vestinius Game Studios\EscDungeoneer\EscalationDungeoneer\Text.h(2,10): fatal error C1083: Cannot open include file: 'SDL.h': No such file or directory
  Tooltip.cpp
C:\Users\rcpay\Documents\GitHub\Vestinius Game Studios\EscDungeoneer\EscalationDungeoneer\Tooltip.h(2,10): fatal error C1083: Cannot open include file: 'SDL.h': No such file or directory
  Generating Code...
  Compiling...
  UIComponent.cpp
C:\Users\rcpay\Documents\GitHub\Vestinius Game Studios\EscDungeoneer\EscalationDungeoneer\Sprite.h(4,10): fatal error C1083: Cannot open include file: 'SDL.h': No such file or directory
  Vector2F.cpp
  Weapon.cpp
C:\Users\rcpay\Documents\GitHub\Vestinius Game Studios\EscDungeoneer\EscalationDungeoneer\Sprite.h(4,10): fatal error C1083: Cannot open include file: 'SDL.h': No such file or directory
  Generating Code...
