c:\users\rcpay\documents\github\escalation-dungeoneer\escalationdungeoneer\x64\debug\vc142.pdb
c:\users\rcpay\documents\github\escalation-dungeoneer\escalationdungeoneer\x64\debug\vc142.idb
c:\users\rcpay\documents\github\escalation-dungeoneer\escalationdungeoneer\x64\debug\world.obj
c:\users\rcpay\documents\github\escalation-dungeoneer\escalationdungeoneer\x64\debug\vector2f.obj
c:\users\rcpay\documents\github\escalation-dungeoneer\escalationdungeoneer\x64\debug\text.obj
c:\users\rcpay\documents\github\escalation-dungeoneer\escalationdungeoneer\x64\debug\statusbarelement.obj
c:\users\rcpay\documents\github\escalation-dungeoneer\escalationdungeoneer\x64\debug\sprite.obj
c:\users\rcpay\documents\github\escalation-dungeoneer\escalationdungeoneer\x64\debug\player.obj
c:\users\rcpay\documents\github\escalation-dungeoneer\escalationdungeoneer\x64\debug\main.obj
c:\users\rcpay\documents\github\escalation-dungeoneer\escalationdungeoneer\x64\debug\gameobject.obj
c:\users\rcpay\documents\github\escalation-dungeoneer\escalationdungeoneer\x64\debug\game.obj
c:\users\rcpay\documents\github\escalation-dungeoneer\escalationdungeoneer\x64\debug\dungeonfactory.obj
c:\users\rcpay\documents\github\escalation-dungeoneer\escalationdungeoneer\x64\debug\dungeon.obj
c:\users\rcpay\documents\github\escalation-dungeoneer\escalationdungeoneer\x64\debug\tile.obj
c:\users\rcpay\documents\github\escalation-dungeoneer\escalationdungeoneer\x64\debug\scene.obj
c:\users\rcpay\documents\github\escalation-dungeoneer\escalationdungeoneer\x64\debug\escalationdungeoneer.exe
c:\users\rcpay\documents\github\escalation-dungeoneer\escalationdungeoneer\x64\debug\escalationdungeoneer.ilk
c:\users\rcpay\documents\github\escalation-dungeoneer\escalationdungeoneer\x64\debug\escalationdungeoneer.pdb
c:\users\rcpay\documents\github\escalation-dungeoneer\escalationdungeoneer\x64\debug\escalati.9850007e.tlog\cl.command.1.tlog
c:\users\rcpay\documents\github\escalation-dungeoneer\escalationdungeoneer\x64\debug\escalati.9850007e.tlog\cl.read.1.tlog
c:\users\rcpay\documents\github\escalation-dungeoneer\escalationdungeoneer\x64\debug\escalati.9850007e.tlog\cl.write.1.tlog
c:\users\rcpay\documents\github\escalation-dungeoneer\escalationdungeoneer\x64\debug\escalati.9850007e.tlog\link.command.1.tlog
c:\users\rcpay\documents\github\escalation-dungeoneer\escalationdungeoneer\x64\debug\escalati.9850007e.tlog\link.read.1.tlog
c:\users\rcpay\documents\github\escalation-dungeoneer\escalationdungeoneer\x64\debug\escalati.9850007e.tlog\link.write.1.tlog
